Change Component Designator: Old Designator=B? New Designator=B1
Change Component Designator: Old Designator=C? New Designator=C1
Change Component Designator: Old Designator=C? New Designator=C2
Change Component Designator: Old Designator=C? New Designator=C3
Change Component Designator: Old Designator=C? New Designator=C4
Change Component Designator: Old Designator=C? New Designator=C5
Change Component Designator: Old Designator=C? New Designator=C6
Change Component Designator: Old Designator=C? New Designator=C7
Change Component Designator: Old Designator=C? New Designator=C8
Change Component Designator: Old Designator=C? New Designator=C9
Change Component Designator: Old Designator=C? New Designator=C10
Change Component Designator: Old Designator=C? New Designator=C11
Change Component Designator: Old Designator=C? New Designator=C12
Change Component Designator: Old Designator=C? New Designator=C13
Change Component Designator: Old Designator=C? New Designator=C14
Change Component Designator: Old Designator=C? New Designator=C15
Change Component Designator: Old Designator=C? New Designator=C16
Change Component Designator: Old Designator=C? New Designator=C17
Change Component Designator: Old Designator=C? New Designator=C18
Change Component Designator: Old Designator=C? New Designator=C19
Change Component Designator: Old Designator=C? New Designator=C20
Change Component Designator: Old Designator=C? New Designator=C21
Change Component Designator: Old Designator=C? New Designator=C22
Change Component Designator: Old Designator=C? New Designator=C23
Change Component Designator: Old Designator=C? New Designator=C24
Change Component Designator: Old Designator=E? New Designator=E1
Change Component Designator: Old Designator=E? New Designator=E2
Change Component Designator: Old Designator=E? New Designator=E3
Change Component Designator: Old Designator=E? New Designator=E4
Change Component Designator: Old Designator=E? New Designator=E5
Change Component Designator: Old Designator=JP? New Designator=JP1
Change Component Designator: Old Designator=JP? New Designator=JP2
Change Component Designator: Old Designator=JP? New Designator=JP3
Change Component Designator: Old Designator=JP? New Designator=JP4
Change Component Designator: Old Designator=JP? New Designator=JP5
Change Component Designator: Old Designator=JP? New Designator=JP6
Change Component Designator: Old Designator=JP? New Designator=JP7
Change Component Designator: Old Designator=JP? New Designator=JP8
Change Component Designator: Old Designator=JP? New Designator=JP9
Change Component Designator: Old Designator=JP? New Designator=JP10
Change Component Designator: Old Designator=JP? New Designator=JP11
Change Component Designator: Old Designator=JP? New Designator=JP12
Change Component Designator: Old Designator=JP? New Designator=JP13
Change Component Designator: Old Designator=JP? New Designator=JP14
Change Component Designator: Old Designator=JP? New Designator=JP15
Change Component Designator: Old Designator=JP? New Designator=JP16
Change Component Designator: Old Designator=JP? New Designator=JP17
Change Component Designator: Old Designator=JP? New Designator=JP18
Change Component Designator: Old Designator=JP? New Designator=JP19
Change Component Designator: Old Designator=JP? New Designator=JP20
Change Component Designator: Old Designator=JP? New Designator=JP21
Change Component Designator: Old Designator=K? New Designator=K1
Change Component Designator: Old Designator=K? New Designator=K2
Change Component Designator: Old Designator=L? New Designator=L1
Change Component Designator: Old Designator=L? New Designator=L2
Change Component Designator: Old Designator=LED? New Designator=LED1
Change Component Designator: Old Designator=LED? New Designator=LED2
Change Component Designator: Old Designator=LED? New Designator=LED3
Change Component Designator: Old Designator=LED? New Designator=LED4
Change Component Designator: Old Designator=LED? New Designator=LED5
Change Component Designator: Old Designator=LED? New Designator=LED6
Change Component Designator: Old Designator=Q? New Designator=Q1
Change Component Designator: Old Designator=R? New Designator=R1
Change Component Designator: Old Designator=R? New Designator=R2
Change Component Designator: Old Designator=R? New Designator=R3
Change Component Designator: Old Designator=R? New Designator=R4
Change Component Designator: Old Designator=R? New Designator=R5
Change Component Designator: Old Designator=R? New Designator=R6
Change Component Designator: Old Designator=R? New Designator=R7
Change Component Designator: Old Designator=R? New Designator=R8
Change Component Designator: Old Designator=R? New Designator=R9
Change Component Designator: Old Designator=R? New Designator=R10
Change Component Designator: Old Designator=R? New Designator=R11
Change Component Designator: Old Designator=R? New Designator=R12
Change Component Designator: Old Designator=R? New Designator=R13
Change Component Designator: Old Designator=R? New Designator=R14
Change Component Designator: Old Designator=R? New Designator=R15
Change Component Designator: Old Designator=R? New Designator=R16
Change Component Designator: Old Designator=R? New Designator=R17
Change Component Designator: Old Designator=R? New Designator=R18
Change Component Designator: Old Designator=R? New Designator=R19
Change Component Designator: Old Designator=R? New Designator=R20
Change Component Designator: Old Designator=R? New Designator=R21
Change Component Designator: Old Designator=R? New Designator=R22
Change Component Designator: Old Designator=R? New Designator=R23
Change Component Designator: Old Designator=R? New Designator=R24
Change Component Designator: Old Designator=R? New Designator=R25
Change Component Designator: Old Designator=R? New Designator=R26
Change Component Designator: Old Designator=R? New Designator=R27
Change Component Designator: Old Designator=R? New Designator=R28
Change Component Designator: Old Designator=R? New Designator=R29
Change Component Designator: Old Designator=R? New Designator=R30
Change Component Designator: Old Designator=R? New Designator=R31
Change Component Designator: Old Designator=R? New Designator=R32
Change Component Designator: Old Designator=R? New Designator=R33
Change Component Designator: Old Designator=R? New Designator=R34
Change Component Designator: Old Designator=R? New Designator=R35
Change Component Designator: Old Designator=R? New Designator=R36
Change Component Designator: Old Designator=R? New Designator=R37
Change Component Designator: Old Designator=R? New Designator=R38
Change Component Designator: Old Designator=R? New Designator=R39
Change Component Designator: Old Designator=R? New Designator=R40
Change Component Designator: Old Designator=R? New Designator=R41
Change Component Designator: Old Designator=R? New Designator=R42
Change Component Designator: Old Designator=R? New Designator=R43
Change Component Designator: Old Designator=R? New Designator=R44
Change Component Designator: Old Designator=RP? New Designator=RP1
Change Component Designator: Old Designator=U? New Designator=U1
Change Component Designator: Old Designator=U? New Designator=U2
Change Component Designator: Old Designator=U? New Designator=U3
Change Component Designator: Old Designator=U? New Designator=U4
Change Component Designator: Old Designator=U? New Designator=U5
Change Component Designator: Old Designator=U? New Designator=U6
Change Component Designator: Old Designator=U? New Designator=U7
Change Component Designator: Old Designator=U? New Designator=U8
Change Component Designator: Old Designator=VD? New Designator=VD1
Change Component Designator: Old Designator=VD? New Designator=VD2
Change Component Designator: Old Designator=VD? New Designator=VD3
Change Component Designator: Old Designator=VD? New Designator=VD4
Change Component Designator: Old Designator=X? New Designator=X1
