Removed Pin From Net: NetName=5V Pin=JP3-1
Removed Pin From Net: NetName=5V Pin=JP4-1
Removed Pin From Net: NetName=5V Pin=JP5-2
Removed Pin From Net: NetName=GND Pin=JP5-3
Removed Pin From Net: NetName=5V Pin=JP6-1
Removed Pin From Net: NetName=GND Pin=JP6-4
Removed Pin From Net: NetName=5V Pin=JP8-1
Removed Pin From Net: NetName=S5V Pin=JP9-3
Removed Pin From Net: NetName=GND Pin=JP9-4
Removed Pin From Net: NetName=GND Pin=JP14-1
Removed Pin From Net: NetName=S5V Pin=JP14-2
Removed Pin From Net: NetName=GND Pin=JP15-1
Removed Pin From Net: NetName=S5V Pin=JP15-2
Removed Pin From Net: NetName=GND Pin=JP16-1
Removed Pin From Net: NetName=S5V Pin=JP16-2
Removed Pin From Net: NetName=GND Pin=JP18-1
Removed Pin From Net: NetName=S5V Pin=JP18-2
Removed Pin From Net: NetName=GND Pin=JP19-1
Removed Pin From Net: NetName=S5V Pin=JP19-2
Removed Pin From Net: NetName=GND Pin=JP20-1
Removed Pin From Net: NetName=S5V Pin=JP20-2
Removed Pin From Net: NetName=PB7 Pin=JP21-4
Removed Pin From Net: NetName=PB0 Pin=R19-1
Removed Pin From Net: NetName=S5V Pin=R19-2
Removed Pin From Net: NetName=PB10 Pin=R20-1
Removed Pin From Net: NetName=PB1 Pin=R23-1
Removed Pin From Net: NetName=S5V Pin=R23-2
Removed Pin From Net: NetName=PB11 Pin=R24-1
Removed Pin From Net: NetName=PA3 Pin=R25-1
Removed Pin From Net: NetName=PA2 Pin=R27-1
Removed Pin From Net: NetName=NetJP9_1 Pin=R30-1
Removed Pin From Net: NetName=PA4 Pin=R30-2
Removed Pin From Net: NetName=PA5 Pin=R31-2
Removed Pin From Net: NetName=PB9 Pin=R32-1
Removed Pin From Net: NetName=PB8 Pin=R34-1
Removed Pin From Net: NetName=S5V Pin=R45-2
Removed Member From Class: ClassName=RCT6 Member=JP14
Removed Member From Class: ClassName=RCT6 Member=JP15
Removed Member From Class: ClassName=RCT6 Member=JP16
Removed Member From Class: ClassName=RCT6 Member=JP18
Removed Member From Class: ClassName=RCT6 Member=JP19
Removed Member From Class: ClassName=RCT6 Member=JP20
Change Footprint: Footprint Not Found R 0805
Change Footprint: Footprint Not Found R 0805
Change Footprint: Footprint Not Found R 0805
Change Footprint: Footprint Not Found R 0805
Change Component Footprint: Designator=R35 Old Footprint=RCA-8P4R-0603 New Footprint=R 0603
Change Component Footprint: Designator=R36 Old Footprint=RCA-8P4R-0603 New Footprint=R 0603
Change Component Footprint: Designator=JP6 Old Footprint=XH2.54-4P New Footprint=HDR-1X3
Change Component Footprint: Designator=JP9 Old Footprint=XH2.54-4P New Footprint=HDR-1X3
Change Component Footprint: Designator=JP5 Old Footprint=XH2.54-6P New Footprint=XH2.54-4P
Change Component Comment : Designator=R23 Old Comment=1k New Comment=4.7R
Change Component Comment : Designator=R45 Old Comment=10K New Comment=470R
Change Component Comment : Designator=R35 Old Comment=103 New Comment=470R
Change Component Comment : Designator=R36 Old Comment=103 New Comment=470R
Change Component Comment : Designator=R20 Old Comment=470R New Comment=1K
Change Component Comment : Designator=R30 Old Comment=470R New Comment=1K
Change Component Comment : Designator=R24 Old Comment=470R New Comment=4.7R
Change Component Comment : Designator=R25 Old Comment=470R New Comment=4.7R
Change Component Comment : Designator=R27 Old Comment=470R New Comment=4.7R
Change Component Comment : Designator=R31 Old Comment=470R New Comment=100K
Change Component Comment : Designator=JP6 Old Comment=HDR-1X4 New Comment=HDR-1X3
Change Component Comment : Designator=JP9 Old Comment=HDR-1X4 New Comment=HDR-1X3
Change Component Comment : Designator=JP5 Old Comment=HDR-1X6 New Comment=HDR-1X4
Change component parameters: Designator = "JP5" ("JP5"); Footprint = "XH2.54-6P"; UniqueID = "\HSZXERES" ("\HSZXERES")
Change component parameters (AddParameter): Name = "BOM名称"; Value = "4P接插件"; VariantName = "[No Variations]"
Change component parameters (AddParameter): Name = "学习资源"; Value = "www.ooocke.com"; VariantName = "[No Variations]"
Change component parameters (AddParameter): Name = "版权归属"; Value = "源创客"; VariantName = "[No Variations]"
Change component parameters: Designator = "JP6" ("JP6"); Footprint = "XH2.54-4P"; UniqueID = "\SLZHDMAL" ("\SLZHDMAL")
Change component parameters (AddParameter): Name = "BOM名称"; Value = "3P接插件"; VariantName = "[No Variations]"
Change component parameters (AddParameter): Name = "学习资源"; Value = "www.ooocke.com"; VariantName = "[No Variations]"
Change component parameters (AddParameter): Name = "版权归属"; Value = "源创客"; VariantName = "[No Variations]"
Change component parameters: Designator = "JP9" ("JP9"); Footprint = "XH2.54-4P"; UniqueID = "\FHQCMHPP" ("\FHQCMHPP")
Change component parameters (AddParameter): Name = "BOM名称"; Value = "3P接插件"; VariantName = "[No Variations]"
Change component parameters (AddParameter): Name = "学习资源"; Value = "www.ooocke.com"; VariantName = "[No Variations]"
Change component parameters (AddParameter): Name = "版权归属"; Value = "源创客"; VariantName = "[No Variations]"
Change component parameters: Designator = "R35" ("R35"); Footprint = "RCA-8P4R-0603"; UniqueID = "\SLVXPCGV" ("\SLVXPCGV")
Change component parameters (AddParameter): Name = "BOM名称"; Value = "贴片电阻"; VariantName = "[No Variations]"
Change component parameters (AddParameter): Name = "学习资源"; Value = "www.ooocke.com"; VariantName = "[No Variations]"
Change component parameters (AddParameter): Name = "版权归属"; Value = "源创客"; VariantName = "[No Variations]"
Change component parameters: Designator = "R36" ("R36"); Footprint = "RCA-8P4R-0603"; UniqueID = "\TZUOUXKQ" ("\TZUOUXKQ")
Change component parameters (AddParameter): Name = "BOM名称"; Value = "贴片电阻"; VariantName = "[No Variations]"
Change component parameters (AddParameter): Name = "学习资源"; Value = "www.ooocke.com"; VariantName = "[No Variations]"
Change component parameters (AddParameter): Name = "版权归属"; Value = "源创客"; VariantName = "[No Variations]"
Add Component: Footprint Not Found C 0603
Add Component: Footprint Not Found C 0603
Add Component: Footprint Not Found C 0603
Add Component: Footprint Not Found C 0805
Add Component: Footprint Not Found C 0805
Added Component: Designator=LED7(LED 0805R)
Add component (AddParameter): Name = "BOM名称"; Value = "贴片LED"; VariantName = "[No Variations]"
Add component (AddParameter): Name = "学习资源"; Value = "www.ooocke.com"; VariantName = "[No Variations]"
Add component (AddParameter): Name = "版权归属"; Value = "源创客"; VariantName = "[No Variations]"
Add Component: Footprint Not Found SOT23-3N
Added Component: Designator=R46(R 0603)
Add component (AddParameter): Name = "BOM名称"; Value = "贴片电阻"; VariantName = "[No Variations]"
Add component (AddParameter): Name = "学习资源"; Value = "www.ooocke.com"; VariantName = "[No Variations]"
Add component (AddParameter): Name = "版权归属"; Value = "源创客"; VariantName = "[No Variations]"
Added Component: Designator=R50(R 0603)
Add component (AddParameter): Name = "BOM名称"; Value = "贴片电阻"; VariantName = "[No Variations]"
Add component (AddParameter): Name = "学习资源"; Value = "www.ooocke.com"; VariantName = "[No Variations]"
Add component (AddParameter): Name = "版权归属"; Value = "源创客"; VariantName = "[No Variations]"
Added Component: Designator=U4(QFN24)
Add Component: Footprint Not Found SOT23-3N
Add Pin To Net: Unknown Pin: Pin C25-1
Add Pin To Net: Unknown Pin: Pin C26-1
Add Pin To Net: Unknown Pin: Pin C27-1
Add Pin To Net: Unknown Pin: Pin C28-1
Add Pin To Net: Unknown Pin: Pin C28-2
Add Pin To Net: Unknown Pin: Pin C29-1
Added Pin To Net: NetName=S5V Pin=JP3-1
Added Pin To Net: NetName=S5V Pin=JP4-1
Added Pin To Net: NetName=S5V Pin=JP5-1
Added Pin To Net: NetName=GND Pin=JP5-4
Added Pin To Net: NetName=5V Pin=JP6-2
Added Pin To Net: NetName=GND Pin=JP6-3
Added Pin To Net: NetName=S5V Pin=JP8-1
Added Pin To Net: NetName=5V Pin=JP9-2
Added Pin To Net: NetName=GND Pin=JP9-3
Added Pin To Net: NetName=PB9 Pin=JP21-4
Added Pin To Net: NetName=GND Pin=LED7-2
Add Pin To Net: Unknown Pin: Pin Q2-2
Added Pin To Net: NetName=VCC Pin=R19-1
Added Pin To Net: NetName=PB8 Pin=R19-2
Added Pin To Net: NetName=VCC Pin=R20-1
Added Pin To Net: NetName=PB7 Pin=R20-2
Added Pin To Net: NetName=5V Pin=R24-2
Added Pin To Net: NetName=GND Pin=R31-1
Added Pin To Net: NetName=PB0 Pin=R32-1
Added Pin To Net: NetName=PB1 Pin=R34-1
Added Pin To Net: NetName=PB10 Pin=R35-1
Added Pin To Net: NetName=PB11 Pin=R36-1
Added Pin To Net: NetName=PA4 Pin=R45-1
Added Pin To Net: NetName=PA5 Pin=R46-1
Added Pin To Net: NetName=NetJP9_1 Pin=R46-2
Added Pin To Net: NetName=GND Pin=U4-1
Added Pin To Net: NetName=GND Pin=U4-9
Added Pin To Net: NetName=GND Pin=U4-11
Added Pin To Net: NetName=GND Pin=U4-18
Added Pin To Net: NetName=PB8 Pin=U4-23
Added Pin To Net: NetName=PB7 Pin=U4-24
Add Pin To Net: Unknown Pin: Pin U9-1
Add Pin To Net: Unknown Pin: Pin U9-3
Added Pin To Net: NetName=3.3V_IMU Pin=R50-2
Added Pin To Net: NetName=3.3V_IMU Pin=U4-8
Added Pin To Net: NetName=3.3V_IMU Pin=U4-13
Added Net: Name=3.3V_IMU
Added Pin To Net: NetName=NetC25_2 Pin=U4-10
Added Net: Name=NetC25_2
Added Pin To Net: NetName=NetC26_2 Pin=U4-20
Added Net: Name=NetC26_2
Added Pin To Net: NetName=NetJP5_2 Pin=JP5-2
Added Pin To Net: NetName=NetJP5_2 Pin=R35-2
Added Net: Name=NetJP5_2
Added Pin To Net: NetName=NetJP5_3 Pin=JP5-3
Added Pin To Net: NetName=NetJP5_3 Pin=R36-2
Added Net: Name=NetJP5_3
Added Pin To Net: NetName=NetJP6_1 Pin=JP6-1
Added Pin To Net: NetName=NetJP6_1 Pin=R45-2
Added Net: Name=NetJP6_1
Added Pin To Net: NetName=NetLED7_1 Pin=LED7-1
Added Pin To Net: NetName=NetLED7_1 Pin=R50-1
Added Net: Name=NetLED7_1
Added Pin To Net: NetName=NetQ2_1 Pin=R30-2
Added Pin To Net: NetName=NetQ2_1 Pin=R31-2
Added Net: Name=NetQ2_1
Added Pin To Net: NetName=NetQ2_3 Pin=R27-2
Added Net: Name=NetQ2_3
Added Pin To Net: NetName=NetR23_1 Pin=R23-1
Added Pin To Net: NetName=NetR23_1 Pin=R25-1
Added Net: Name=NetR23_1
Added Pin To Net: NetName=NetR23_2 Pin=R23-2
Added Pin To Net: NetName=NetR23_2 Pin=R24-1
Added Net: Name=NetR23_2
Added Pin To Net: NetName=NetR25_2 Pin=R25-2
Added Pin To Net: NetName=NetR25_2 Pin=R27-1
Added Net: Name=NetR25_2
Added Pin To Net: NetName=PC0 Pin=R30-1
Added Pin To Net: NetName=PC0 Pin=STM32F103RCT6-8
Added Net: Name=PC0
Add Class Member: Failed to add class member : Component C25 104
Add Class Member: Failed to add class member : Component C26 2.2nF
Add Class Member: Failed to add class member : Component C27 104
Add Class Member: Failed to add class member : Component C28 10uF
Add Class Member: Failed to add class member : Component C29 10uF
Added Member To Class: ClassName=RCT6 Member=Component LED7 黄色
Add Class Member: Failed to add class member : Component Q2 SI2302
Added Member To Class: ClassName=RCT6 Member=Component R46 470R
Added Member To Class: ClassName=RCT6 Member=Component R50 4.7K
Added Member To Class: ClassName=RCT6 Member=Component U4 MPU6050
Add Class Member: Failed to add class member : Component U9 662K
Added Room: Name=RCT6
